# JRE version: Java(TM) SE Runtime Environment (8.0_211-b12) (build 1.8.0_211-b12)
# Java VM: Java HotSpot(TM) 64-Bit Server VM (25.211-b12 mixed mode windows-amd64 compressed oops)
Heap:
 PSYoungGen      total 137728K, used 92795K [0x00000000f5580000, 0x0000000100000000, 0x0000000100000000)
  eden space 102400K, 66% used [0x00000000f5580000,0x00000000f984bee0,0x00000000fb980000)
  from space 35328K, 69% used [0x00000000fb980000,0x00000000fd152d20,0x00000000fdc00000)
  to   space 36352K, 0% used [0x00000000fdc80000,0x00000000fdc80000,0x0000000100000000)
 ParOldGen       total 217088K, used 69587K [0x00000000e0000000, 0x00000000ed400000, 0x00000000f5580000)
  object space 217088K, 32% used [0x00000000e0000000,0x00000000e43f4dd0,0x00000000ed400000)
 Metaspace       used 78125K, capacity 83170K, committed 83456K, reserved 1120256K
  class space    used 10619K, capacity 11743K, committed 11776K, reserved 1048576K
GC Heap History (10 events):
Event: 23.929 GC heap before
{Heap before GC invocations=14 (full 3):
 PSYoungGen      total 150528K, used 139894K [0x00000000f5580000, 0x0000000100000000, 0x0000000100000000)
  eden space 125440K, 100% used [0x00000000f5580000,0x00000000fd000000,0x00000000fd000000)
  from space 25088K, 57% used [0x00000000fe780000,0x00000000ff59db98,0x0000000100000000)
  to   space 24064K, 0% used [0x00000000fd000000,0x00000000fd000000,0x00000000fe780000)
 ParOldGen       total 217088K, used 33953K [0x00000000e0000000, 0x00000000ed400000, 0x00000000f5580000)
  object space 217088K, 15% used [0x00000000e0000000,0x00000000e21287a8,0x00000000ed400000)
 Metaspace       used 66350K, capacity 70034K, committed 70144K, reserved 1110016K
  class space    used 9247K, capacity 10161K, committed 10240K, reserved 1048576K
Event: 23.967 GC heap after
Heap after GC invocations=14 (full 3):
 PSYoungGen      total 149504K, used 24049K [0x00000000f5580000, 0x0000000100000000, 0x0000000100000000)
  eden space 125440K, 0% used [0x00000000f5580000,0x00000000f5580000,0x00000000fd000000)
  from space 24064K, 99% used [0x00000000fd000000,0x00000000fe77c4d0,0x00000000fe780000)
  to   space 25088K, 0% used [0x00000000fe780000,0x00000000fe780000,0x0000000100000000)
 ParOldGen       total 217088K, used 36876K [0x00000000e0000000, 0x00000000ed400000, 0x00000000f5580000)
  object space 217088K, 16% used [0x00000000e0000000,0x00000000e2403028,0x00000000ed400000)
 Metaspace       used 66350K, capacity 70034K, committed 70144K, reserved 1110016K
  class space    used 9247K, capacity 10161K, committed 10240K, reserved 1048576K
}
Event: 25.886 GC heap before
{Heap before GC invocations=15 (full 3):
 PSYoungGen      total 149504K, used 149489K [0x00000000f5580000, 0x0000000100000000, 0x0000000100000000)
  eden space 125440K, 100% used [0x00000000f5580000,0x00000000fd000000,0x00000000fd000000)
  from space 24064K, 99% used [0x00000000fd000000,0x00000000fe77c4d0,0x00000000fe780000)
  to   space 25088K, 0% used [0x00000000fe780000,0x00000000fe780000,0x0000000100000000)
 ParOldGen       total 217088K, used 36876K [0x00000000e0000000, 0x00000000ed400000, 0x00000000f5580000)
  object space 217088K, 16% used [0x00000000e0000000,0x00000000e2403028,0x00000000ed400000)
 Metaspace       used 68755K, capacity 72998K, committed 73216K, reserved 1112064K
  class space    used 9613K, capacity 10625K, committed 10752K, reserved 1048576K
Event: 25.930 GC heap after
Heap after GC invocations=15 (full 3):
 PSYoungGen      total 125952K, used 25056K [0x00000000f5580000, 0x0000000100000000, 0x0000000100000000)
  eden space 100864K, 0% used [0x00000000f5580000,0x00000000f5580000,0x00000000fb800000)
  from space 25088K, 99% used [0x00000000fe780000,0x00000000ffff8010,0x0000000100000000)
  to   space 36864K, 0% used [0x00000000fb800000,0x00000000fb800000,0x00000000fdc00000)
 ParOldGen       total 217088K, used 52948K [0x00000000e0000000, 0x00000000ed400000, 0x00000000f5580000)
  object space 217088K, 24% used [0x00000000e0000000,0x00000000e33b51f0,0x00000000ed400000)
 Metaspace       used 68755K, capacity 72998K, committed 73216K, reserved 1112064K
  class space    used 9613K, capacity 10625K, committed 10752K, reserved 1048576K
}
Event: 27.672 GC heap before
{Heap before GC invocations=16 (full 3):
 PSYoungGen      total 125952K, used 125920K [0x00000000f5580000, 0x0000000100000000, 0x0000000100000000)
  eden space 100864K, 100% used [0x00000000f5580000,0x00000000fb800000,0x00000000fb800000)
  from space 25088K, 99% used [0x00000000fe780000,0x00000000ffff8010,0x0000000100000000)
  to   space 36864K, 0% used [0x00000000fb800000,0x00000000fb800000,0x00000000fdc00000)
 ParOldGen       total 217088K, used 52948K [0x00000000e0000000, 0x00000000ed400000, 0x00000000f5580000)
  object space 217088K, 24% used [0x00000000e0000000,0x00000000e33b51f0,0x00000000ed400000)
 Metaspace       used 69745K, capacity 74218K, committed 74496K, reserved 1114112K
  class space    used 9737K, capacity 10723K, committed 10752K, reserved 1048576K
Event: 27.705 GC heap after
Heap after GC invocations=16 (full 3):
 PSYoungGen      total 137728K, used 13936K [0x00000000f5580000, 0x0000000100000000, 0x0000000100000000)
  eden space 100864K, 0% used [0x00000000f5580000,0x00000000f5580000,0x00000000fb800000)
  from space 36864K, 37% used [0x00000000fb800000,0x00000000fc59c050,0x00000000fdc00000)
  to   space 35328K, 0% used [0x00000000fdd80000,0x00000000fdd80000,0x0000000100000000)
 ParOldGen       total 217088K, used 69571K [0x00000000e0000000, 0x00000000ed400000, 0x00000000f5580000)
  object space 217088K, 32% used [0x00000000e0000000,0x00000000e43f0dd0,0x00000000ed400000)
 Metaspace       used 69745K, capacity 74218K, committed 74496K, reserved 1114112K
  class space    used 9737K, capacity 10723K, committed 10752K, reserved 1048576K
}
Event: 29.345 GC heap before
{Heap before GC invocations=17 (full 3):
 PSYoungGen      total 137728K, used 114800K [0x00000000f5580000, 0x0000000100000000, 0x0000000100000000)
  eden space 100864K, 100% used [0x00000000f5580000,0x00000000fb800000,0x00000000fb800000)
  from space 36864K, 37% used [0x00000000fb800000,0x00000000fc59c050,0x00000000fdc00000)
  to   space 35328K, 0% used [0x00000000fdd80000,0x00000000fdd80000,0x0000000100000000)
 ParOldGen       total 217088K, used 69571K [0x00000000e0000000, 0x00000000ed400000, 0x00000000f5580000)
  object space 217088K, 32% used [0x00000000e0000000,0x00000000e43f0dd0,0x00000000ed400000)
 Metaspace       used 72249K, capacity 76920K, committed 77184K, reserved 1116160K
  class space    used 10066K, capacity 11090K, committed 11136K, reserved 1048576K
Event: 29.369 GC heap after
Heap after GC invocations=17 (full 3):
 PSYoungGen      total 136192K, used 22190K [0x00000000f5580000, 0x00000000ffe80000, 0x0000000100000000)
  eden space 102400K, 0% used [0x00000000f5580000,0x00000000f5580000,0x00000000fb980000)
  from space 33792K, 65% used [0x00000000fdd80000,0x00000000ff32ba88,0x00000000ffe80000)
  to   space 35328K, 0% used [0x00000000fb980000,0x00000000fb980000,0x00000000fdc00000)
 ParOldGen       total 217088K, used 69579K [0x00000000e0000000, 0x00000000ed400000, 0x00000000f5580000)
  object space 217088K, 32% used [0x00000000e0000000,0x00000000e43f2dd0,0x00000000ed400000)
 Metaspace       used 72249K, capacity 76920K, committed 77184K, reserved 1116160K
  class space    used 10066K, capacity 11090K, committed 11136K, reserved 1048576K
}
Event: 30.765 GC heap before
{Heap before GC invocations=18 (full 3):
 PSYoungGen      total 136192K, used 124590K [0x00000000f5580000, 0x00000000ffe80000, 0x0000000100000000)
  eden space 102400K, 100% used [0x00000000f5580000,0x00000000fb980000,0x00000000fb980000)
  from space 33792K, 65% used [0x00000000fdd80000,0x00000000ff32ba88,0x00000000ffe80000)
  to   space 35328K, 0% used [0x00000000fb980000,0x00000000fb980000,0x00000000fdc00000)
 ParOldGen       total 217088K, used 69579K [0x00000000e0000000, 0x00000000ed400000, 0x00000000f5580000)
  object space 217088K, 32% used [0x00000000e0000000,0x00000000e43f2dd0,0x00000000ed400000)
 Metaspace       used 72506K, capacity 77218K, committed 77440K, reserved 1116160K
  class space    used 10089K, capacity 11135K, committed 11136K, reserved 1048576K
Event: 30.789 GC heap after
Heap after GC invocations=18 (full 3):
 PSYoungGen      total 137728K, used 24395K [0x00000000f5580000, 0x0000000100000000, 0x0000000100000000)
  eden space 102400K, 0% used [0x00000000f5580000,0x00000000f5580000,0x00000000fb980000)
  from space 35328K, 69% used [0x00000000fb980000,0x00000000fd152d20,0x00000000fdc00000)
  to   space 36352K, 0% used [0x00000000fdc80000,0x00000000fdc80000,0x0000000100000000)
 ParOldGen       total 217088K, used 69587K [0x00000000e0000000, 0x00000000ed400000, 0x00000000f5580000)
  object space 217088K, 32% used [0x00000000e0000000,0x00000000e43f4dd0,0x00000000ed400000)
 Metaspace       used 72506K, capacity 77218K, committed 77440K, reserved 1116160K
  class space    used 10089K, capacity 11135K, committed 11136K, reserved 1048576K
}

